[0m[2m[35m$[0m [2m[1mprettier --check '**/*.{ts,tsx}'  --write --cache "--cache-location=node_modules/.cache/.prettiercache" "--ignore-path=../../.gitignore"[0m
Checking formatting...
[[33mwarn[39m] Ignored unknown option [33m{ __esModule: true }[39m.
[[33mwarn[39m] Ignored unknown option [33m{ default: { plugins: ["@ianvs/prettier-plugin-sort-imports", "prettier-plugin-tailwindcss"], tailwindConfig: "/Users/leven/space/b/easydb/tooling/tailwind-config/index.ts", importOrder: ["^(react/(.*)$)|^(react$)|^(react-native(.*)$)", "^(next/(.*)$)|^(next$)", "<THIRD_PARTY_MODULES>", "", "^@easyspace/(.*)$", "", "^~/", "^[../]", "^[./]"], importOrderParserPlugins: ["typescript", "jsx", "decorators-legacy"], importOrderTypeScriptVersion: "5.4.5" } }[39m.
src/3d-card.tsx[2K[1G[[33mwarn[39m] Ignored unknown option [33m{ __esModule: true }[39m.
[[33mwarn[39m] Ignored unknown option [33m{ default: { plugins: ["@ianvs/prettier-plugin-sort-imports", "prettier-plugin-tailwindcss"], tailwindConfig: "/Users/leven/space/b/easydb/tooling/tailwind-config/index.ts", importOrder: ["^(react/(.*)$)|^(react$)|^(react-native(.*)$)", "^(next/(.*)$)|^(next$)", "<THIRD_PARTY_MODULES>", "", "^@easyspace/(.*)$", "", "^~/", "^[../]", "^[./]"], importOrderParserPlugins: ["typescript", "jsx", "decorators-legacy"], importOrderTypeScriptVersion: "5.4.5" } }[39m.
src/accordion.tsx[2K[1G[[33mwarn[39m] Ignored unknown option [33m{ __esModule: true }[39m.
[[33mwarn[39m] Ignored unknown option [33m{ default: { plugins: ["@ianvs/prettier-plugin-sort-imports", "prettier-plugin-tailwindcss"], tailwindConfig: "/Users/leven/space/b/easydb/tooling/tailwind-config/index.ts", importOrder: ["^(react/(.*)$)|^(react$)|^(react-native(.*)$)", "^(next/(.*)$)|^(next$)", "<THIRD_PARTY_MODULES>", "", "^@easyspace/(.*)$", "", "^~/", "^[../]", "^[./]"], importOrderParserPlugins: ["typescript", "jsx", "decorators-legacy"], importOrderTypeScriptVersion: "5.4.5" } }[39m.
src/alert-dialog.tsx[2K[1G[[33mwarn[39m] Ignored unknown option [33m{ __esModule: true }[39m.
[[33mwarn[39m] Ignored unknown option [33m{ default: { plugins: ["@ianvs/prettier-plugin-sort-imports", "prettier-plugin-tailwindcss"], tailwindConfig: "/Users/leven/space/b/easydb/tooling/tailwind-config/index.ts", importOrder: ["^(react/(.*)$)|^(react$)|^(react-native(.*)$)", "^(next/(.*)$)|^(next$)", "<THIRD_PARTY_MODULES>", "", "^@easyspace/(.*)$", "", "^~/", "^[../]", "^[./]"], importOrderParserPlugins: ["typescript", "jsx", "decorators-legacy"], importOrderTypeScriptVersion: "5.4.5" } }[39m.
src/alert.tsx[2K[1G[[33mwarn[39m] Ignored unknown option [33m{ __esModule: true }[39m.
[[33mwarn[39m] Ignored unknown option [33m{ default: { plugins: ["@ianvs/prettier-plugin-sort-imports", "prettier-plugin-tailwindcss"], tailwindConfig: "/Users/leven/space/b/easydb/tooling/tailwind-config/index.ts", importOrder: ["^(react/(.*)$)|^(react$)|^(react-native(.*)$)", "^(next/(.*)$)|^(next$)", "<THIRD_PARTY_MODULES>", "", "^@easyspace/(.*)$", "", "^~/", "^[../]", "^[./]"], importOrderParserPlugins: ["typescript", "jsx", "decorators-legacy"], importOrderTypeScriptVersion: "5.4.5" } }[39m.
src/animated-gradient-text.tsx[2K[1G[[33mwarn[39m] Ignored unknown option [33m{ __esModule: true }[39m.
[[33mwarn[39m] Ignored unknown option [33m{ default: { plugins: ["@ianvs/prettier-plugin-sort-imports", "prettier-plugin-tailwindcss"], tailwindConfig: "/Users/leven/space/b/easydb/tooling/tailwind-config/index.ts", importOrder: ["^(react/(.*)$)|^(react$)|^(react-native(.*)$)", "^(next/(.*)$)|^(next$)", "<THIRD_PARTY_MODULES>", "", "^@easyspace/(.*)$", "", "^~/", "^[../]", "^[./]"], importOrderParserPlugins: ["typescript", "jsx", "decorators-legacy"], importOrderTypeScriptVersion: "5.4.5" } }[39m.
src/animated-list.tsx[2K[1G[[33mwarn[39m] Ignored unknown option [33m{ __esModule: true }[39m.
[[33mwarn[39m] Ignored unknown option [33m{ default: { plugins: ["@ianvs/prettier-plugin-sort-imports", "prettier-plugin-tailwindcss"], tailwindConfig: "/Users/leven/space/b/easydb/tooling/tailwind-config/index.ts", importOrder: ["^(react/(.*)$)|^(react$)|^(react-native(.*)$)", "^(next/(.*)$)|^(next$)", "<THIRD_PARTY_MODULES>", "", "^@easyspace/(.*)$", "", "^~/", "^[../]", "^[./]"], importOrderParserPlugins: ["typescript", "jsx", "decorators-legacy"], importOrderTypeScriptVersion: "5.4.5" } }[39m.
src/animated-tooltip.tsx[2K[1G[[33mwarn[39m] Ignored unknown option [33m{ __esModule: true }[39m.
[[33mwarn[39m] Ignored unknown option [33m{ default: { plugins: ["@ianvs/prettier-plugin-sort-imports", "prettier-plugin-tailwindcss"], tailwindConfig: "/Users/leven/space/b/easydb/tooling/tailwind-config/index.ts", importOrder: ["^(react/(.*)$)|^(react$)|^(react-native(.*)$)", "^(next/(.*)$)|^(next$)", "<THIRD_PARTY_MODULES>", "", "^@easyspace/(.*)$", "", "^~/", "^[../]", "^[./]"], importOrderParserPlugins: ["typescript", "jsx", "decorators-legacy"], importOrderTypeScriptVersion: "5.4.5" } }[39m.
src/avatar.tsx[2K[1G[[33mwarn[39m] Ignored unknown option [33m{ __esModule: true }[39m.
[[33mwarn[39m] Ignored unknown option [33m{ default: { plugins: ["@ianvs/prettier-plugin-sort-imports", "prettier-plugin-tailwindcss"], tailwindConfig: "/Users/leven/space/b/easydb/tooling/tailwind-config/index.ts", importOrder: ["^(react/(.*)$)|^(react$)|^(react-native(.*)$)", "^(next/(.*)$)|^(next$)", "<THIRD_PARTY_MODULES>", "", "^@easyspace/(.*)$", "", "^~/", "^[../]", "^[./]"], importOrderParserPlugins: ["typescript", "jsx", "decorators-legacy"], importOrderTypeScriptVersion: "5.4.5" } }[39m.
src/background-lines.tsx[2K[1G[[33mwarn[39m] Ignored unknown option [33m{ __esModule: true }[39m.
[[33mwarn[39m] Ignored unknown option [33m{ default: { plugins: ["@ianvs/prettier-plugin-sort-imports", "prettier-plugin-tailwindcss"], tailwindConfig: "/Users/leven/space/b/easydb/tooling/tailwind-config/index.ts", importOrder: ["^(react/(.*)$)|^(react$)|^(react-native(.*)$)", "^(next/(.*)$)|^(next$)", "<THIRD_PARTY_MODULES>", "", "^@easyspace/(.*)$", "", "^~/", "^[../]", "^[./]"], importOrderParserPlugins: ["typescript", "jsx", "decorators-legacy"], importOrderTypeScriptVersion: "5.4.5" } }[39m.
src/button.tsx[2K[1G[[33mwarn[39m] Ignored unknown option [33m{ __esModule: true }[39m.
[[33mwarn[39m] Ignored unknown option [33m{ default: { plugins: ["@ianvs/prettier-plugin-sort-imports", "prettier-plugin-tailwindcss"], tailwindConfig: "/Users/leven/space/b/easydb/tooling/tailwind-config/index.ts", importOrder: ["^(react/(.*)$)|^(react$)|^(react-native(.*)$)", "^(next/(.*)$)|^(next$)", "<THIRD_PARTY_MODULES>", "", "^@easyspace/(.*)$", "", "^~/", "^[../]", "^[./]"], importOrderParserPlugins: ["typescript", "jsx", "decorators-legacy"], importOrderTypeScriptVersion: "5.4.5" } }[39m.
src/calendar.tsx[2K[1G[[33mwarn[39m] Ignored unknown option [33m{ __esModule: true }[39m.
[[33mwarn[39m] Ignored unknown option [33m{ default: { plugins: ["@ianvs/prettier-plugin-sort-imports", "prettier-plugin-tailwindcss"], tailwindConfig: "/Users/leven/space/b/easydb/tooling/tailwind-config/index.ts", importOrder: ["^(react/(.*)$)|^(react$)|^(react-native(.*)$)", "^(next/(.*)$)|^(next$)", "<THIRD_PARTY_MODULES>", "", "^@easyspace/(.*)$", "", "^~/", "^[../]", "^[./]"], importOrderParserPlugins: ["typescript", "jsx", "decorators-legacy"], importOrderTypeScriptVersion: "5.4.5" } }[39m.
src/callout.tsx[2K[1G[[33mwarn[39m] Ignored unknown option [33m{ __esModule: true }[39m.
[[33mwarn[39m] Ignored unknown option [33m{ default: { plugins: ["@ianvs/prettier-plugin-sort-imports", "prettier-plugin-tailwindcss"], tailwindConfig: "/Users/leven/space/b/easydb/tooling/tailwind-config/index.ts", importOrder: ["^(react/(.*)$)|^(react$)|^(react-native(.*)$)", "^(next/(.*)$)|^(next$)", "<THIRD_PARTY_MODULES>", "", "^@easyspace/(.*)$", "", "^~/", "^[../]", "^[./]"], importOrderParserPlugins: ["typescript", "jsx", "decorators-legacy"], importOrderTypeScriptVersion: "5.4.5" } }[39m.
src/card-hover-effect.tsx[2K[1G[[33mwarn[39m] Ignored unknown option [33m{ __esModule: true }[39m.
[[33mwarn[39m] Ignored unknown option [33m{ default: { plugins: ["@ianvs/prettier-plugin-sort-imports", "prettier-plugin-tailwindcss"], tailwindConfig: "/Users/leven/space/b/easydb/tooling/tailwind-config/index.ts", importOrder: ["^(react/(.*)$)|^(react$)|^(react-native(.*)$)", "^(next/(.*)$)|^(next$)", "<THIRD_PARTY_MODULES>", "", "^@easyspace/(.*)$", "", "^~/", "^[../]", "^[./]"], importOrderParserPlugins: ["typescript", "jsx", "decorators-legacy"], importOrderTypeScriptVersion: "5.4.5" } }[39m.
src/card-skeleton.tsx[2K[1G[[33mwarn[39m] Ignored unknown option [33m{ __esModule: true }[39m.
[[33mwarn[39m] Ignored unknown option [33m{ default: { plugins: ["@ianvs/prettier-plugin-sort-imports", "prettier-plugin-tailwindcss"], tailwindConfig: "/Users/leven/space/b/easydb/tooling/tailwind-config/index.ts", importOrder: ["^(react/(.*)$)|^(react$)|^(react-native(.*)$)", "^(next/(.*)$)|^(next$)", "<THIRD_PARTY_MODULES>", "", "^@easyspace/(.*)$", "", "^~/", "^[../]", "^[./]"], importOrderParserPlugins: ["typescript", "jsx", "decorators-legacy"], importOrderTypeScriptVersion: "5.4.5" } }[39m.
src/card.tsx[2K[1G[[33mwarn[39m] Ignored unknown option [33m{ __esModule: true }[39m.
[[33mwarn[39m] Ignored unknown option [33m{ default: { plugins: ["@ianvs/prettier-plugin-sort-imports", "prettier-plugin-tailwindcss"], tailwindConfig: "/Users/leven/space/b/easydb/tooling/tailwind-config/index.ts", importOrder: ["^(react/(.*)$)|^(react$)|^(react-native(.*)$)", "^(next/(.*)$)|^(next$)", "<THIRD_PARTY_MODULES>", "", "^@easyspace/(.*)$", "", "^~/", "^[../]", "^[./]"], importOrderParserPlugins: ["typescript", "jsx", "decorators-legacy"], importOrderTypeScriptVersion: "5.4.5" } }[39m.
src/checkbox.tsx[2K[1G[[33mwarn[39m] Ignored unknown option [33m{ __esModule: true }[39m.
[[33mwarn[39m] Ignored unknown option [33m{ default: { plugins: ["@ianvs/prettier-plugin-sort-imports", "prettier-plugin-tailwindcss"], tailwindConfig: "/Users/leven/space/b/easydb/tooling/tailwind-config/index.ts", importOrder: ["^(react/(.*)$)|^(react$)|^(react-native(.*)$)", "^(next/(.*)$)|^(next$)", "<THIRD_PARTY_MODULES>", "", "^@easyspace/(.*)$", "", "^~/", "^[../]", "^[./]"], importOrderParserPlugins: ["typescript", "jsx", "decorators-legacy"], importOrderTypeScriptVersion: "5.4.5" } }[39m.
src/colorful-text.tsx[2K[1G[[33mwarn[39m] Ignored unknown option [33m{ __esModule: true }[39m.
[[33mwarn[39m] Ignored unknown option [33m{ default: { plugins: ["@ianvs/prettier-plugin-sort-imports", "prettier-plugin-tailwindcss"], tailwindConfig: "/Users/leven/space/b/easydb/tooling/tailwind-config/index.ts", importOrder: ["^(react/(.*)$)|^(react$)|^(react-native(.*)$)", "^(next/(.*)$)|^(next$)", "<THIRD_PARTY_MODULES>", "", "^@easyspace/(.*)$", "", "^~/", "^[../]", "^[./]"], importOrderParserPlugins: ["typescript", "jsx", "decorators-legacy"], importOrderTypeScriptVersion: "5.4.5" } }[39m.
src/command.tsx[2K[1G[[33mwarn[39m] Ignored unknown option [33m{ __esModule: true }[39m.
[[33mwarn[39m] Ignored unknown option [33m{ default: { plugins: ["@ianvs/prettier-plugin-sort-imports", "prettier-plugin-tailwindcss"], tailwindConfig: "/Users/leven/space/b/easydb/tooling/tailwind-config/index.ts", importOrder: ["^(react/(.*)$)|^(react$)|^(react-native(.*)$)", "^(next/(.*)$)|^(next$)", "<THIRD_PARTY_MODULES>", "", "^@easyspace/(.*)$", "", "^~/", "^[../]", "^[./]"], importOrderParserPlugins: ["typescript", "jsx", "decorators-legacy"], importOrderTypeScriptVersion: "5.4.5" } }[39m.
src/container-scroll-animation.tsx[2K[1G[[33mwarn[39m] Ignored unknown option [33m{ __esModule: true }[39m.
[[33mwarn[39m] Ignored unknown option [33m{ default: { plugins: ["@ianvs/prettier-plugin-sort-imports", "prettier-plugin-tailwindcss"], tailwindConfig: "/Users/leven/space/b/easydb/tooling/tailwind-config/index.ts", importOrder: ["^(react/(.*)$)|^(react$)|^(react-native(.*)$)", "^(next/(.*)$)|^(next$)", "<THIRD_PARTY_MODULES>", "", "^@easyspace/(.*)$", "", "^~/", "^[../]", "^[./]"], importOrderParserPlugins: ["typescript", "jsx", "decorators-legacy"], importOrderTypeScriptVersion: "5.4.5" } }[39m.
src/data-table.tsx[2K[1G[[33mwarn[39m] Ignored unknown option [33m{ __esModule: true }[39m.
[[33mwarn[39m] Ignored unknown option [33m{ default: { plugins: ["@ianvs/prettier-plugin-sort-imports", "prettier-plugin-tailwindcss"], tailwindConfig: "/Users/leven/space/b/easydb/tooling/tailwind-config/index.ts", importOrder: ["^(react/(.*)$)|^(react$)|^(react-native(.*)$)", "^(next/(.*)$)|^(next$)", "<THIRD_PARTY_MODULES>", "", "^@easyspace/(.*)$", "", "^~/", "^[../]", "^[./]"], importOrderParserPlugins: ["typescript", "jsx", "decorators-legacy"], importOrderTypeScriptVersion: "5.4.5" } }[39m.
src/dialog.tsx[2K[1G[[33mwarn[39m] Ignored unknown option [33m{ __esModule: true }[39m.
[[33mwarn[39m] Ignored unknown option [33m{ default: { plugins: ["@ianvs/prettier-plugin-sort-imports", "prettier-plugin-tailwindcss"], tailwindConfig: "/Users/leven/space/b/easydb/tooling/tailwind-config/index.ts", importOrder: ["^(react/(.*)$)|^(react$)|^(react-native(.*)$)", "^(next/(.*)$)|^(next$)", "<THIRD_PARTY_MODULES>", "", "^@easyspace/(.*)$", "", "^~/", "^[../]", "^[./]"], importOrderParserPlugins: ["typescript", "jsx", "decorators-legacy"], importOrderTypeScriptVersion: "5.4.5" } }[39m.
src/dropdown-menu.tsx[2K[1G[[33mwarn[39m] Ignored unknown option [33m{ __esModule: true }[39m.
[[33mwarn[39m] Ignored unknown option [33m{ default: { plugins: ["@ianvs/prettier-plugin-sort-imports", "prettier-plugin-tailwindcss"], tailwindConfig: "/Users/leven/space/b/easydb/tooling/tailwind-config/index.ts", importOrder: ["^(react/(.*)$)|^(react$)|^(react-native(.*)$)", "^(next/(.*)$)|^(next$)", "<THIRD_PARTY_MODULES>", "", "^@easyspace/(.*)$", "", "^~/", "^[../]", "^[./]"], importOrderParserPlugins: ["typescript", "jsx", "decorators-legacy"], importOrderTypeScriptVersion: "5.4.5" } }[39m.
src/following-pointer.tsx[2K[1G[[33mwarn[39m] Ignored unknown option [33m{ __esModule: true }[39m.
[[33mwarn[39m] Ignored unknown option [33m{ default: { plugins: ["@ianvs/prettier-plugin-sort-imports", "prettier-plugin-tailwindcss"], tailwindConfig: "/Users/leven/space/b/easydb/tooling/tailwind-config/index.ts", importOrder: ["^(react/(.*)$)|^(react$)|^(react-native(.*)$)", "^(next/(.*)$)|^(next$)", "<THIRD_PARTY_MODULES>", "", "^@easyspace/(.*)$", "", "^~/", "^[../]", "^[./]"], importOrderParserPlugins: ["typescript", "jsx", "decorators-legacy"], importOrderTypeScriptVersion: "5.4.5" } }[39m.
src/form.tsx[2K[1G[[33mwarn[39m] Ignored unknown option [33m{ __esModule: true }[39m.
[[33mwarn[39m] Ignored unknown option [33m{ default: { plugins: ["@ianvs/prettier-plugin-sort-imports", "prettier-plugin-tailwindcss"], tailwindConfig: "/Users/leven/space/b/easydb/tooling/tailwind-config/index.ts", importOrder: ["^(react/(.*)$)|^(react$)|^(react-native(.*)$)", "^(next/(.*)$)|^(next$)", "<THIRD_PARTY_MODULES>", "", "^@easyspace/(.*)$", "", "^~/", "^[../]", "^[./]"], importOrderParserPlugins: ["typescript", "jsx", "decorators-legacy"], importOrderTypeScriptVersion: "5.4.5" } }[39m.
src/glowing-effect.tsx[2K[1G[[33mwarn[39m] Ignored unknown option [33m{ __esModule: true }[39m.
[[33mwarn[39m] Ignored unknown option [33m{ default: { plugins: ["@ianvs/prettier-plugin-sort-imports", "prettier-plugin-tailwindcss"], tailwindConfig: "/Users/leven/space/b/easydb/tooling/tailwind-config/index.ts", importOrder: ["^(react/(.*)$)|^(react$)|^(react-native(.*)$)", "^(next/(.*)$)|^(next$)", "<THIRD_PARTY_MODULES>", "", "^@easyspace/(.*)$", "", "^~/", "^[../]", "^[./]"], importOrderParserPlugins: ["typescript", "jsx", "decorators-legacy"], importOrderTypeScriptVersion: "5.4.5" } }[39m.
src/icons.tsx[2K[1G[[33mwarn[39m] Ignored unknown option [33m{ __esModule: true }[39m.
[[33mwarn[39m] Ignored unknown option [33m{ default: { plugins: ["@ianvs/prettier-plugin-sort-imports", "prettier-plugin-tailwindcss"], tailwindConfig: "/Users/leven/space/b/easydb/tooling/tailwind-config/index.ts", importOrder: ["^(react/(.*)$)|^(react$)|^(react-native(.*)$)", "^(next/(.*)$)|^(next$)", "<THIRD_PARTY_MODULES>", "", "^@easyspace/(.*)$", "", "^~/", "^[../]", "^[./]"], importOrderParserPlugins: ["typescript", "jsx", "decorators-legacy"], importOrderTypeScriptVersion: "5.4.5" } }[39m.
src/index.ts[2K[1G[[33mwarn[39m] Ignored unknown option [33m{ __esModule: true }[39m.
[[33mwarn[39m] Ignored unknown option [33m{ default: { plugins: ["@ianvs/prettier-plugin-sort-imports", "prettier-plugin-tailwindcss"], tailwindConfig: "/Users/leven/space/b/easydb/tooling/tailwind-config/index.ts", importOrder: ["^(react/(.*)$)|^(react$)|^(react-native(.*)$)", "^(next/(.*)$)|^(next$)", "<THIRD_PARTY_MODULES>", "", "^@easyspace/(.*)$", "", "^~/", "^[../]", "^[./]"], importOrderParserPlugins: ["typescript", "jsx", "decorators-legacy"], importOrderTypeScriptVersion: "5.4.5" } }[39m.
src/infinite-moving-cards.tsx[2K[1G[[33mwarn[39m] Ignored unknown option [33m{ __esModule: true }[39m.
[[33mwarn[39m] Ignored unknown option [33m{ default: { plugins: ["@ianvs/prettier-plugin-sort-imports", "prettier-plugin-tailwindcss"], tailwindConfig: "/Users/leven/space/b/easydb/tooling/tailwind-config/index.ts", importOrder: ["^(react/(.*)$)|^(react$)|^(react-native(.*)$)", "^(next/(.*)$)|^(next$)", "<THIRD_PARTY_MODULES>", "", "^@easyspace/(.*)$", "", "^~/", "^[../]", "^[./]"], importOrderParserPlugins: ["typescript", "jsx", "decorators-legacy"], importOrderTypeScriptVersion: "5.4.5" } }[39m.
src/input.tsx[2K[1G[[33mwarn[39m] Ignored unknown option [33m{ __esModule: true }[39m.
[[33mwarn[39m] Ignored unknown option [33m{ default: { plugins: ["@ianvs/prettier-plugin-sort-imports", "prettier-plugin-tailwindcss"], tailwindConfig: "/Users/leven/space/b/easydb/tooling/tailwind-config/index.ts", importOrder: ["^(react/(.*)$)|^(react$)|^(react-native(.*)$)", "^(next/(.*)$)|^(next$)", "<THIRD_PARTY_MODULES>", "", "^@easyspace/(.*)$", "", "^~/", "^[../]", "^[./]"], importOrderParserPlugins: ["typescript", "jsx", "decorators-legacy"], importOrderTypeScriptVersion: "5.4.5" } }[39m.
src/label.tsx[2K[1G[[33mwarn[39m] Ignored unknown option [33m{ __esModule: true }[39m.
[[33mwarn[39m] Ignored unknown option [33m{ default: { plugins: ["@ianvs/prettier-plugin-sort-imports", "prettier-plugin-tailwindcss"], tailwindConfig: "/Users/leven/space/b/easydb/tooling/tailwind-config/index.ts", importOrder: ["^(react/(.*)$)|^(react$)|^(react-native(.*)$)", "^(next/(.*)$)|^(next$)", "<THIRD_PARTY_MODULES>", "", "^@easyspace/(.*)$", "", "^~/", "^[../]", "^[./]"], importOrderParserPlugins: ["typescript", "jsx", "decorators-legacy"], importOrderTypeScriptVersion: "5.4.5" } }[39m.
src/marquee.tsx[2K[1G[[33mwarn[39m] Ignored unknown option [33m{ __esModule: true }[39m.
[[33mwarn[39m] Ignored unknown option [33m{ default: { plugins: ["@ianvs/prettier-plugin-sort-imports", "prettier-plugin-tailwindcss"], tailwindConfig: "/Users/leven/space/b/easydb/tooling/tailwind-config/index.ts", importOrder: ["^(react/(.*)$)|^(react$)|^(react-native(.*)$)", "^(next/(.*)$)|^(next$)", "<THIRD_PARTY_MODULES>", "", "^@easyspace/(.*)$", "", "^~/", "^[../]", "^[./]"], importOrderParserPlugins: ["typescript", "jsx", "decorators-legacy"], importOrderTypeScriptVersion: "5.4.5" } }[39m.
src/meteors.tsx[2K[1G[[33mwarn[39m] Ignored unknown option [33m{ __esModule: true }[39m.
[[33mwarn[39m] Ignored unknown option [33m{ default: { plugins: ["@ianvs/prettier-plugin-sort-imports", "prettier-plugin-tailwindcss"], tailwindConfig: "/Users/leven/space/b/easydb/tooling/tailwind-config/index.ts", importOrder: ["^(react/(.*)$)|^(react$)|^(react-native(.*)$)", "^(next/(.*)$)|^(next$)", "<THIRD_PARTY_MODULES>", "", "^@easyspace/(.*)$", "", "^~/", "^[../]", "^[./]"], importOrderParserPlugins: ["typescript", "jsx", "decorators-legacy"], importOrderTypeScriptVersion: "5.4.5" } }[39m.
src/popover.tsx[2K[1G[[33mwarn[39m] Ignored unknown option [33m{ __esModule: true }[39m.
[[33mwarn[39m] Ignored unknown option [33m{ default: { plugins: ["@ianvs/prettier-plugin-sort-imports", "prettier-plugin-tailwindcss"], tailwindConfig: "/Users/leven/space/b/easydb/tooling/tailwind-config/index.ts", importOrder: ["^(react/(.*)$)|^(react$)|^(react-native(.*)$)", "^(next/(.*)$)|^(next$)", "<THIRD_PARTY_MODULES>", "", "^@easyspace/(.*)$", "", "^~/", "^[../]", "^[./]"], importOrderParserPlugins: ["typescript", "jsx", "decorators-legacy"], importOrderTypeScriptVersion: "5.4.5" } }[39m.
src/scroll-area.tsx[2K[1G[[33mwarn[39m] Ignored unknown option [33m{ __esModule: true }[39m.
[[33mwarn[39m] Ignored unknown option [33m{ default: { plugins: ["@ianvs/prettier-plugin-sort-imports", "prettier-plugin-tailwindcss"], tailwindConfig: "/Users/leven/space/b/easydb/tooling/tailwind-config/index.ts", importOrder: ["^(react/(.*)$)|^(react$)|^(react-native(.*)$)", "^(next/(.*)$)|^(next$)", "<THIRD_PARTY_MODULES>", "", "^@easyspace/(.*)$", "", "^~/", "^[../]", "^[./]"], importOrderParserPlugins: ["typescript", "jsx", "decorators-legacy"], importOrderTypeScriptVersion: "5.4.5" } }[39m.
src/select.tsx[2K[1G[[33mwarn[39m] Ignored unknown option [33m{ __esModule: true }[39m.
[[33mwarn[39m] Ignored unknown option [33m{ default: { plugins: ["@ianvs/prettier-plugin-sort-imports", "prettier-plugin-tailwindcss"], tailwindConfig: "/Users/leven/space/b/easydb/tooling/tailwind-config/index.ts", importOrder: ["^(react/(.*)$)|^(react$)|^(react-native(.*)$)", "^(next/(.*)$)|^(next$)", "<THIRD_PARTY_MODULES>", "", "^@easyspace/(.*)$", "", "^~/", "^[../]", "^[./]"], importOrderParserPlugins: ["typescript", "jsx", "decorators-legacy"], importOrderTypeScriptVersion: "5.4.5" } }[39m.
src/sheet.tsx[2K[1G[[33mwarn[39m] Ignored unknown option [33m{ __esModule: true }[39m.
[[33mwarn[39m] Ignored unknown option [33m{ default: { plugins: ["@ianvs/prettier-plugin-sort-imports", "prettier-plugin-tailwindcss"], tailwindConfig: "/Users/leven/space/b/easydb/tooling/tailwind-config/index.ts", importOrder: ["^(react/(.*)$)|^(react$)|^(react-native(.*)$)", "^(next/(.*)$)|^(next$)", "<THIRD_PARTY_MODULES>", "", "^@easyspace/(.*)$", "", "^~/", "^[../]", "^[./]"], importOrderParserPlugins: ["typescript", "jsx", "decorators-legacy"], importOrderTypeScriptVersion: "5.4.5" } }[39m.
src/skeleton.tsx[2K[1G[[33mwarn[39m] Ignored unknown option [33m{ __esModule: true }[39m.
[[33mwarn[39m] Ignored unknown option [33m{ default: { plugins: ["@ianvs/prettier-plugin-sort-imports", "prettier-plugin-tailwindcss"], tailwindConfig: "/Users/leven/space/b/easydb/tooling/tailwind-config/index.ts", importOrder: ["^(react/(.*)$)|^(react$)|^(react-native(.*)$)", "^(next/(.*)$)|^(next$)", "<THIRD_PARTY_MODULES>", "", "^@easyspace/(.*)$", "", "^~/", "^[../]", "^[./]"], importOrderParserPlugins: ["typescript", "jsx", "decorators-legacy"], importOrderTypeScriptVersion: "5.4.5" } }[39m.
src/sparkles.tsx[2K[1G[[33mwarn[39m] Ignored unknown option [33m{ __esModule: true }[39m.
[[33mwarn[39m] Ignored unknown option [33m{ default: { plugins: ["@ianvs/prettier-plugin-sort-imports", "prettier-plugin-tailwindcss"], tailwindConfig: "/Users/leven/space/b/easydb/tooling/tailwind-config/index.ts", importOrder: ["^(react/(.*)$)|^(react$)|^(react-native(.*)$)", "^(next/(.*)$)|^(next$)", "<THIRD_PARTY_MODULES>", "", "^@easyspace/(.*)$", "", "^~/", "^[../]", "^[./]"], importOrderParserPlugins: ["typescript", "jsx", "decorators-legacy"], importOrderTypeScriptVersion: "5.4.5" } }[39m.
src/switch.tsx[2K[1G[[33mwarn[39m] Ignored unknown option [33m{ __esModule: true }[39m.
[[33mwarn[39m] Ignored unknown option [33m{ default: { plugins: ["@ianvs/prettier-plugin-sort-imports", "prettier-plugin-tailwindcss"], tailwindConfig: "/Users/leven/space/b/easydb/tooling/tailwind-config/index.ts", importOrder: ["^(react/(.*)$)|^(react$)|^(react-native(.*)$)", "^(next/(.*)$)|^(next$)", "<THIRD_PARTY_MODULES>", "", "^@easyspace/(.*)$", "", "^~/", "^[../]", "^[./]"], importOrderParserPlugins: ["typescript", "jsx", "decorators-legacy"], importOrderTypeScriptVersion: "5.4.5" } }[39m.
src/table.tsx[2K[1G[[33mwarn[39m] Ignored unknown option [33m{ __esModule: true }[39m.
[[33mwarn[39m] Ignored unknown option [33m{ default: { plugins: ["@ianvs/prettier-plugin-sort-imports", "prettier-plugin-tailwindcss"], tailwindConfig: "/Users/leven/space/b/easydb/tooling/tailwind-config/index.ts", importOrder: ["^(react/(.*)$)|^(react$)|^(react-native(.*)$)", "^(next/(.*)$)|^(next$)", "<THIRD_PARTY_MODULES>", "", "^@easyspace/(.*)$", "", "^~/", "^[../]", "^[./]"], importOrderParserPlugins: ["typescript", "jsx", "decorators-legacy"], importOrderTypeScriptVersion: "5.4.5" } }[39m.
src/tabs.tsx[2K[1G[[33mwarn[39m] Ignored unknown option [33m{ __esModule: true }[39m.
[[33mwarn[39m] Ignored unknown option [33m{ default: { plugins: ["@ianvs/prettier-plugin-sort-imports", "prettier-plugin-tailwindcss"], tailwindConfig: "/Users/leven/space/b/easydb/tooling/tailwind-config/index.ts", importOrder: ["^(react/(.*)$)|^(react$)|^(react-native(.*)$)", "^(next/(.*)$)|^(next$)", "<THIRD_PARTY_MODULES>", "", "^@easyspace/(.*)$", "", "^~/", "^[../]", "^[./]"], importOrderParserPlugins: ["typescript", "jsx", "decorators-legacy"], importOrderTypeScriptVersion: "5.4.5" } }[39m.
src/text-generate-effect.tsx[2K[1G[[33mwarn[39m] Ignored unknown option [33m{ __esModule: true }[39m.
[[33mwarn[39m] Ignored unknown option [33m{ default: { plugins: ["@ianvs/prettier-plugin-sort-imports", "prettier-plugin-tailwindcss"], tailwindConfig: "/Users/leven/space/b/easydb/tooling/tailwind-config/index.ts", importOrder: ["^(react/(.*)$)|^(react$)|^(react-native(.*)$)", "^(next/(.*)$)|^(next$)", "<THIRD_PARTY_MODULES>", "", "^@easyspace/(.*)$", "", "^~/", "^[../]", "^[./]"], importOrderParserPlugins: ["typescript", "jsx", "decorators-legacy"], importOrderTypeScriptVersion: "5.4.5" } }[39m.
src/text-reveal.tsx[2K[1G[[33mwarn[39m] Ignored unknown option [33m{ __esModule: true }[39m.
[[33mwarn[39m] Ignored unknown option [33m{ default: { plugins: ["@ianvs/prettier-plugin-sort-imports", "prettier-plugin-tailwindcss"], tailwindConfig: "/Users/leven/space/b/easydb/tooling/tailwind-config/index.ts", importOrder: ["^(react/(.*)$)|^(react$)|^(react-native(.*)$)", "^(next/(.*)$)|^(next$)", "<THIRD_PARTY_MODULES>", "", "^@easyspace/(.*)$", "", "^~/", "^[../]", "^[./]"], importOrderParserPlugins: ["typescript", "jsx", "decorators-legacy"], importOrderTypeScriptVersion: "5.4.5" } }[39m.
src/toast.tsx[2K[1G[[33mwarn[39m] Ignored unknown option [33m{ __esModule: true }[39m.
[[33mwarn[39m] Ignored unknown option [33m{ default: { plugins: ["@ianvs/prettier-plugin-sort-imports", "prettier-plugin-tailwindcss"], tailwindConfig: "/Users/leven/space/b/easydb/tooling/tailwind-config/index.ts", importOrder: ["^(react/(.*)$)|^(react$)|^(react-native(.*)$)", "^(next/(.*)$)|^(next$)", "<THIRD_PARTY_MODULES>", "", "^@easyspace/(.*)$", "", "^~/", "^[../]", "^[./]"], importOrderParserPlugins: ["typescript", "jsx", "decorators-legacy"], importOrderTypeScriptVersion: "5.4.5" } }[39m.
src/toaster.tsx[2K[1G[[33mwarn[39m] Ignored unknown option [33m{ __esModule: true }[39m.
[[33mwarn[39m] Ignored unknown option [33m{ default: { plugins: ["@ianvs/prettier-plugin-sort-imports", "prettier-plugin-tailwindcss"], tailwindConfig: "/Users/leven/space/b/easydb/tooling/tailwind-config/index.ts", importOrder: ["^(react/(.*)$)|^(react$)|^(react-native(.*)$)", "^(next/(.*)$)|^(next$)", "<THIRD_PARTY_MODULES>", "", "^@easyspace/(.*)$", "", "^~/", "^[../]", "^[./]"], importOrderParserPlugins: ["typescript", "jsx", "decorators-legacy"], importOrderTypeScriptVersion: "5.4.5" } }[39m.
src/typewriter-effect.tsx[2K[1G[[33mwarn[39m] Ignored unknown option [33m{ __esModule: true }[39m.
[[33mwarn[39m] Ignored unknown option [33m{ default: { plugins: ["@ianvs/prettier-plugin-sort-imports", "prettier-plugin-tailwindcss"], tailwindConfig: "/Users/leven/space/b/easydb/tooling/tailwind-config/index.ts", importOrder: ["^(react/(.*)$)|^(react$)|^(react-native(.*)$)", "^(next/(.*)$)|^(next$)", "<THIRD_PARTY_MODULES>", "", "^@easyspace/(.*)$", "", "^~/", "^[../]", "^[./]"], importOrderParserPlugins: ["typescript", "jsx", "decorators-legacy"], importOrderTypeScriptVersion: "5.4.5" } }[39m.
src/use-toast.tsx[2K[1G[[33mwarn[39m] Ignored unknown option [33m{ __esModule: true }[39m.
[[33mwarn[39m] Ignored unknown option [33m{ default: { plugins: ["@ianvs/prettier-plugin-sort-imports", "prettier-plugin-tailwindcss"], tailwindConfig: "/Users/leven/space/b/easydb/tooling/tailwind-config/index.ts", importOrder: ["^(react/(.*)$)|^(react$)|^(react-native(.*)$)", "^(next/(.*)$)|^(next$)", "<THIRD_PARTY_MODULES>", "", "^@easyspace/(.*)$", "", "^~/", "^[../]", "^[./]"], importOrderParserPlugins: ["typescript", "jsx", "decorators-legacy"], importOrderTypeScriptVersion: "5.4.5" } }[39m.
src/utils/cn.ts[2K[1G[[33mwarn[39m] Ignored unknown option [33m{ __esModule: true }[39m.
[[33mwarn[39m] Ignored unknown option [33m{ default: { plugins: ["@ianvs/prettier-plugin-sort-imports", "prettier-plugin-tailwindcss"], tailwindConfig: "/Users/leven/space/b/easydb/tooling/tailwind-config/index.ts", importOrder: ["^(react/(.*)$)|^(react$)|^(react-native(.*)$)", "^(next/(.*)$)|^(next$)", "<THIRD_PARTY_MODULES>", "", "^@easyspace/(.*)$", "", "^~/", "^[../]", "^[./]"], importOrderParserPlugins: ["typescript", "jsx", "decorators-legacy"], importOrderTypeScriptVersion: "5.4.5" } }[39m.
src/wobble-card.tsx[2K[1G[[33mwarn[39m] Ignored unknown option [33m{ __esModule: true }[39m.
[[33mwarn[39m] Ignored unknown option [33m{ default: { plugins: ["@ianvs/prettier-plugin-sort-imports", "prettier-plugin-tailwindcss"], tailwindConfig: "/Users/leven/space/b/easydb/tooling/tailwind-config/index.ts", importOrder: ["^(react/(.*)$)|^(react$)|^(react-native(.*)$)", "^(next/(.*)$)|^(next$)", "<THIRD_PARTY_MODULES>", "", "^@easyspace/(.*)$", "", "^~/", "^[../]", "^[./]"], importOrderParserPlugins: ["typescript", "jsx", "decorators-legacy"], importOrderTypeScriptVersion: "5.4.5" } }[39m.
tailwind.config.ts[2K[1GAll matched files use Prettier code style!
